<?xml version="1.0" encoding="UTF-8"?>
<!-- Generated by org.testng.reporters.JUnitXMLReporter -->
<testsuite hostname="DESKTOP-66SGQGC" ignored="0" name="Test" tests="3" failures="0" timestamp="28 Jun 2020 04:14:58 GMT" time="25.404" errors="0">
  <testcase name="amazonchrome" time="19.901" classname="com.selgrid.AmazonChrome"/>
  <testcase name="workPlaceXTChrome" time="23.265" classname="com.selgrid.WorkPlaceXT"/>
  <testcase name="flipkartfirefox" time="25.359" classname="com.selgrid.FlipkartFirefox"/>
</testsuite> <!-- Test -->
