<?xml version="1.0" encoding="UTF-8"?>
<!-- Generated by org.testng.reporters.JUnitXMLReporter -->
<testsuite hostname="DESKTOP-66SGQGC" ignored="0" name="Test" tests="3" failures="0" timestamp="28 Jun 2020 04:18:35 GMT" time="29.399" errors="0">
  <testcase name="workPlaceXTChrome" time="29.108" classname="com.selgrid.WorkPlaceXT"/>
  <testcase name="amazonchrome" time="29.32" classname="com.selgrid.AmazonChrome"/>
  <testcase name="flipkartfirefox" time="29.366" classname="com.selgrid.FlipkartFirefox"/>
</testsuite> <!-- Test -->
