<?xml version="1.0" encoding="UTF-8"?>
<testng-results skipped="0" failed="0" ignored="0" total="3" passed="3">
  <reporter-output>
  </reporter-output>
  <suite name="Suite" duration-ms="25404" started-at="2020-06-28T04:14:33Z" finished-at="2020-06-28T04:14:58Z">
    <groups>
    </groups>
    <test name="Test" duration-ms="25404" started-at="2020-06-28T04:14:33Z" finished-at="2020-06-28T04:14:58Z">
      <class name="com.selgrid.AmazonChrome">
        <test-method status="PASS" signature="amazonchrome()[pri:0, instance:com.selgrid.AmazonChrome@13eb8acf]" name="amazonchrome" duration-ms="19901" started-at="2020-06-28T04:14:33Z" finished-at="2020-06-28T04:14:53Z">
          <reporter-output>
          </reporter-output>
        </test-method> <!-- amazonchrome -->
      </class> <!-- com.selgrid.AmazonChrome -->
      <class name="com.selgrid.FlipkartFirefox">
        <test-method status="PASS" signature="flipkartfirefox()[pri:0, instance:com.selgrid.FlipkartFirefox@51c8530f]" name="flipkartfirefox" duration-ms="25359" started-at="2020-06-28T04:14:33Z" finished-at="2020-06-28T04:14:58Z">
          <reporter-output>
          </reporter-output>
        </test-method> <!-- flipkartfirefox -->
      </class> <!-- com.selgrid.FlipkartFirefox -->
      <class name="com.selgrid.WorkPlaceXT">
        <test-method status="PASS" signature="workPlaceXTChrome()[pri:0, instance:com.selgrid.WorkPlaceXT@7403c468]" name="workPlaceXTChrome" duration-ms="23265" started-at="2020-06-28T04:14:33Z" finished-at="2020-06-28T04:14:56Z">
          <reporter-output>
          </reporter-output>
        </test-method> <!-- workPlaceXTChrome -->
      </class> <!-- com.selgrid.WorkPlaceXT -->
    </test> <!-- Test -->
  </suite> <!-- Suite -->
</testng-results>
